<?xml version="1.0" encoding="UTF-8"?>
<testsuite name="Scenario: Weight Watchers search possitive scenarios" time="0.209" tests="9" errors="1" skipped="8" failures="0">
  <properties>
[...]
</properties>
  <testcase name="Given Open Chrome Browser with url" classname="Scenario: Weight Watchers search possitive scenarios" time="0.202"/>
  <testcase name="When Assert loaded page title matches WW (Weight Watchers): Weight Loss &amp;amp; Wellness Help | WW USA" classname="Scenario: Weight Watchers search possitive scenarios" time="0.007">
    <error type="java.lang.NullPointerException:"><![CDATA[java.lang.NullPointerException: null
	at stepdefinition.WWSearchStep.loadedPageTitle(WWSearchStep.java:25)
	at ✽.When Assert loaded page title matches WW (Weight Watchers): Weight Loss &amp; Wellness Help | WW USA(/Users/fatemaislam/Documents/workspace/wwAssesment/features/ww.feature:7)
]]></error>
  </testcase>
  <testcase name="Scenario: Weight Watchers search possitive scenarios" classname="Scenario: Weight Watchers search possitive scenarios" time="0">
    <error type="java.lang.NullPointerException:"><![CDATA[java.lang.NullPointerException: null
	at stepdefinition.WWSearchStep.loadedPageTitle(WWSearchStep.java:25)
	at ✽.When Assert loaded page title matches WW (Weight Watchers): Weight Loss &amp; Wellness Help | WW USA(/Users/fatemaislam/Documents/workspace/wwAssesment/features/ww.feature:7)
]]></error>
  </testcase>
  <testcase name="And On the right corner of the page, click on Find a Workshop" classname="Scenario: Weight Watchers search possitive scenarios" time="0">
    <skipped/>
  </testcase>
  <testcase name="And Assert loaded page title contains “Find WW Studios &amp; Meetings Near You | WW USA”" classname="Scenario: Weight Watchers search possitive scenarios" time="0">
    <skipped/>
  </testcase>
  <testcase name="And In the search field, search for meetings for zip code: &quot;10011&quot;" classname="Scenario: Weight Watchers search possitive scenarios" time="0">
    <skipped/>
  </testcase>
  <testcase name="And Print the title of the first result and the distance (located on the right of location title/name)" classname="Scenario: Weight Watchers search possitive scenarios" time="0">
    <skipped/>
  </testcase>
  <testcase name="And Click on the first search result and then, verify displayed location name/title matches with the name of the first searched result that was clicked" classname="Scenario: Weight Watchers search possitive scenarios" time="0">
    <skipped/>
  </testcase>
  <testcase name="And From this location page, print TODAY’s hours of operation (located towards the bottom of the page)" classname="Scenario: Weight Watchers search possitive scenarios" time="0">
    <skipped/>
  </testcase>
  <testcase name="And Create a method to print the number of meeting the each person(under the scheduled time) has a particular day of the week" classname="Scenario: Weight Watchers search possitive scenarios" time="0">
    <skipped/>
  </testcase>
  <testcase name="Then close driver" classname="Scenario: Weight Watchers search possitive scenarios" time="0">
    <skipped/>
  </testcase>
</testsuite>